C:\USERS\BRANDON\DOCUMENTS\PROGRAMMING\GAMES\PHYSICS FACILITY\PHYSICSFACILITY\BUILD\PHYSICSFACILITY\PHYSICSFACILITYGAME\DEBUG\PHYSICSFACILITYGAME.PCH
C:\USERS\BRANDON\DOCUMENTS\PROGRAMMING\GAMES\PHYSICS FACILITY\PHYSICSFACILITY\BUILD\PHYSICSFACILITY\PHYSICSFACILITYGAME\DEBUG\STDAFX.OBJ
C:\USERS\BRANDON\DOCUMENTS\PROGRAMMING\GAMES\PHYSICS FACILITY\PHYSICSFACILITY\BUILD\PHYSICSFACILITY\PHYSICSFACILITYGAME\DEBUG\VC110.PDB
C:\USERS\BRANDON\DOCUMENTS\PROGRAMMING\GAMES\PHYSICS FACILITY\PHYSICSFACILITY\BUILD\PHYSICSFACILITY\PHYSICSFACILITYGAME\DEBUG\GLCONTEXT.OBJ
C:\USERS\BRANDON\DOCUMENTS\PROGRAMMING\GAMES\PHYSICS FACILITY\PHYSICSFACILITY\BUILD\PHYSICSFACILITY\PHYSICSFACILITYGAME\DEBUG\PHYSICSFACILITYGAME.OBJ
C:\USERS\BRANDON\DOCUMENTS\PROGRAMMING\GAMES\PHYSICS FACILITY\PHYSICSFACILITY\BUILD\PHYSICSFACILITY\DEBUG\PHYSICSFACILITYGAME.ILK
C:\USERS\BRANDON\DOCUMENTS\PROGRAMMING\GAMES\PHYSICS FACILITY\PHYSICSFACILITY\BUILD\PHYSICSFACILITY\DEBUG\PHYSICSFACILITYGAME.EXE
C:\USERS\BRANDON\DOCUMENTS\PROGRAMMING\GAMES\PHYSICS FACILITY\PHYSICSFACILITY\BUILD\PHYSICSFACILITY\DEBUG\PHYSICSFACILITYGAME.PDB
C:\USERS\BRANDON\DOCUMENTS\PROGRAMMING\GAMES\PHYSICS FACILITY\PHYSICSFACILITY\BUILD\PHYSICSFACILITY\PHYSICSFACILITYGAME\DEBUG\PHYSICSFACILITYGAME.RES
C:\Users\brandon\Documents\Programming\games\Physics Facility\PhysicsFacility\Build\PhysicsFacility\PhysicsFacilityGame\Debug\glContext.obj
C:\Users\brandon\Documents\Programming\games\Physics Facility\PhysicsFacility\Build\PhysicsFacility\PhysicsFacilityGame\Debug\PhysicsFacilityGame.obj
C:\Users\brandon\Documents\Programming\games\Physics Facility\PhysicsFacility\Build\PhysicsFacility\PhysicsFacilityGame\Debug\stdafx.obj
C:\Users\brandon\Documents\Programming\games\Physics Facility\PhysicsFacility\Build\PhysicsFacility\PhysicsFacilityGame\Debug\cl.command.1.tlog
C:\Users\brandon\Documents\Programming\games\Physics Facility\PhysicsFacility\Build\PhysicsFacility\PhysicsFacilityGame\Debug\CL.read.1.tlog
C:\Users\brandon\Documents\Programming\games\Physics Facility\PhysicsFacility\Build\PhysicsFacility\PhysicsFacilityGame\Debug\CL.write.1.tlog
C:\Users\brandon\Documents\Programming\games\Physics Facility\PhysicsFacility\Build\PhysicsFacility\PhysicsFacilityGame\Debug\link-cvtres.read.1.tlog
C:\Users\brandon\Documents\Programming\games\Physics Facility\PhysicsFacility\Build\PhysicsFacility\PhysicsFacilityGame\Debug\link-cvtres.write.1.tlog
C:\Users\brandon\Documents\Programming\games\Physics Facility\PhysicsFacility\Build\PhysicsFacility\PhysicsFacilityGame\Debug\link-rc.read.1.tlog
C:\Users\brandon\Documents\Programming\games\Physics Facility\PhysicsFacility\Build\PhysicsFacility\PhysicsFacilityGame\Debug\link-rc.write.1.tlog
C:\Users\brandon\Documents\Programming\games\Physics Facility\PhysicsFacility\Build\PhysicsFacility\PhysicsFacilityGame\Debug\link.11088-cvtres.read.1.tlog
C:\Users\brandon\Documents\Programming\games\Physics Facility\PhysicsFacility\Build\PhysicsFacility\PhysicsFacilityGame\Debug\link.11088-cvtres.write.1.tlog
C:\Users\brandon\Documents\Programming\games\Physics Facility\PhysicsFacility\Build\PhysicsFacility\PhysicsFacilityGame\Debug\link.11088-rc.read.1.tlog
C:\Users\brandon\Documents\Programming\games\Physics Facility\PhysicsFacility\Build\PhysicsFacility\PhysicsFacilityGame\Debug\link.11088-rc.write.1.tlog
C:\Users\brandon\Documents\Programming\games\Physics Facility\PhysicsFacility\Build\PhysicsFacility\PhysicsFacilityGame\Debug\link.11088.read.1.tlog
C:\Users\brandon\Documents\Programming\games\Physics Facility\PhysicsFacility\Build\PhysicsFacility\PhysicsFacilityGame\Debug\link.11088.write.1.tlog
C:\Users\brandon\Documents\Programming\games\Physics Facility\PhysicsFacility\Build\PhysicsFacility\PhysicsFacilityGame\Debug\link.2212-cvtres.read.1.tlog
C:\Users\brandon\Documents\Programming\games\Physics Facility\PhysicsFacility\Build\PhysicsFacility\PhysicsFacilityGame\Debug\link.2212-cvtres.write.1.tlog
C:\Users\brandon\Documents\Programming\games\Physics Facility\PhysicsFacility\Build\PhysicsFacility\PhysicsFacilityGame\Debug\link.2212-rc.read.1.tlog
C:\Users\brandon\Documents\Programming\games\Physics Facility\PhysicsFacility\Build\PhysicsFacility\PhysicsFacilityGame\Debug\link.2212-rc.write.1.tlog
C:\Users\brandon\Documents\Programming\games\Physics Facility\PhysicsFacility\Build\PhysicsFacility\PhysicsFacilityGame\Debug\link.2212.read.1.tlog
C:\Users\brandon\Documents\Programming\games\Physics Facility\PhysicsFacility\Build\PhysicsFacility\PhysicsFacilityGame\Debug\link.2212.write.1.tlog
C:\Users\brandon\Documents\Programming\games\Physics Facility\PhysicsFacility\Build\PhysicsFacility\PhysicsFacilityGame\Debug\link.3344-cvtres.read.1.tlog
C:\Users\brandon\Documents\Programming\games\Physics Facility\PhysicsFacility\Build\PhysicsFacility\PhysicsFacilityGame\Debug\link.3344-cvtres.write.1.tlog
C:\Users\brandon\Documents\Programming\games\Physics Facility\PhysicsFacility\Build\PhysicsFacility\PhysicsFacilityGame\Debug\link.3344-rc.read.1.tlog
C:\Users\brandon\Documents\Programming\games\Physics Facility\PhysicsFacility\Build\PhysicsFacility\PhysicsFacilityGame\Debug\link.3344-rc.write.1.tlog
C:\Users\brandon\Documents\Programming\games\Physics Facility\PhysicsFacility\Build\PhysicsFacility\PhysicsFacilityGame\Debug\link.3344.read.1.tlog
C:\Users\brandon\Documents\Programming\games\Physics Facility\PhysicsFacility\Build\PhysicsFacility\PhysicsFacilityGame\Debug\link.3344.write.1.tlog
C:\Users\brandon\Documents\Programming\games\Physics Facility\PhysicsFacility\Build\PhysicsFacility\PhysicsFacilityGame\Debug\link.4448-cvtres.read.1.tlog
C:\Users\brandon\Documents\Programming\games\Physics Facility\PhysicsFacility\Build\PhysicsFacility\PhysicsFacilityGame\Debug\link.4448-cvtres.write.1.tlog
C:\Users\brandon\Documents\Programming\games\Physics Facility\PhysicsFacility\Build\PhysicsFacility\PhysicsFacilityGame\Debug\link.4448-rc.read.1.tlog
C:\Users\brandon\Documents\Programming\games\Physics Facility\PhysicsFacility\Build\PhysicsFacility\PhysicsFacilityGame\Debug\link.4448-rc.write.1.tlog
C:\Users\brandon\Documents\Programming\games\Physics Facility\PhysicsFacility\Build\PhysicsFacility\PhysicsFacilityGame\Debug\link.4448.read.1.tlog
C:\Users\brandon\Documents\Programming\games\Physics Facility\PhysicsFacility\Build\PhysicsFacility\PhysicsFacilityGame\Debug\link.4448.write.1.tlog
C:\Users\brandon\Documents\Programming\games\Physics Facility\PhysicsFacility\Build\PhysicsFacility\PhysicsFacilityGame\Debug\link.4540-cvtres.read.1.tlog
C:\Users\brandon\Documents\Programming\games\Physics Facility\PhysicsFacility\Build\PhysicsFacility\PhysicsFacilityGame\Debug\link.4540-cvtres.write.1.tlog
C:\Users\brandon\Documents\Programming\games\Physics Facility\PhysicsFacility\Build\PhysicsFacility\PhysicsFacilityGame\Debug\link.4540-rc.read.1.tlog
C:\Users\brandon\Documents\Programming\games\Physics Facility\PhysicsFacility\Build\PhysicsFacility\PhysicsFacilityGame\Debug\link.4540-rc.write.1.tlog
C:\Users\brandon\Documents\Programming\games\Physics Facility\PhysicsFacility\Build\PhysicsFacility\PhysicsFacilityGame\Debug\link.4540.read.1.tlog
C:\Users\brandon\Documents\Programming\games\Physics Facility\PhysicsFacility\Build\PhysicsFacility\PhysicsFacilityGame\Debug\link.4540.write.1.tlog
C:\Users\brandon\Documents\Programming\games\Physics Facility\PhysicsFacility\Build\PhysicsFacility\PhysicsFacilityGame\Debug\link.4900-cvtres.read.1.tlog
C:\Users\brandon\Documents\Programming\games\Physics Facility\PhysicsFacility\Build\PhysicsFacility\PhysicsFacilityGame\Debug\link.4900-cvtres.write.1.tlog
C:\Users\brandon\Documents\Programming\games\Physics Facility\PhysicsFacility\Build\PhysicsFacility\PhysicsFacilityGame\Debug\link.4900-rc.read.1.tlog
C:\Users\brandon\Documents\Programming\games\Physics Facility\PhysicsFacility\Build\PhysicsFacility\PhysicsFacilityGame\Debug\link.4900-rc.write.1.tlog
C:\Users\brandon\Documents\Programming\games\Physics Facility\PhysicsFacility\Build\PhysicsFacility\PhysicsFacilityGame\Debug\link.4900.read.1.tlog
C:\Users\brandon\Documents\Programming\games\Physics Facility\PhysicsFacility\Build\PhysicsFacility\PhysicsFacilityGame\Debug\link.4900.write.1.tlog
C:\Users\brandon\Documents\Programming\games\Physics Facility\PhysicsFacility\Build\PhysicsFacility\PhysicsFacilityGame\Debug\link.5376-cvtres.read.1.tlog
C:\Users\brandon\Documents\Programming\games\Physics Facility\PhysicsFacility\Build\PhysicsFacility\PhysicsFacilityGame\Debug\link.5376-cvtres.write.1.tlog
C:\Users\brandon\Documents\Programming\games\Physics Facility\PhysicsFacility\Build\PhysicsFacility\PhysicsFacilityGame\Debug\link.5376-rc.read.1.tlog
C:\Users\brandon\Documents\Programming\games\Physics Facility\PhysicsFacility\Build\PhysicsFacility\PhysicsFacilityGame\Debug\link.5376-rc.write.1.tlog
C:\Users\brandon\Documents\Programming\games\Physics Facility\PhysicsFacility\Build\PhysicsFacility\PhysicsFacilityGame\Debug\link.5376.read.1.tlog
C:\Users\brandon\Documents\Programming\games\Physics Facility\PhysicsFacility\Build\PhysicsFacility\PhysicsFacilityGame\Debug\link.5376.write.1.tlog
C:\Users\brandon\Documents\Programming\games\Physics Facility\PhysicsFacility\Build\PhysicsFacility\PhysicsFacilityGame\Debug\link.6440-cvtres.read.1.tlog
C:\Users\brandon\Documents\Programming\games\Physics Facility\PhysicsFacility\Build\PhysicsFacility\PhysicsFacilityGame\Debug\link.6440-cvtres.write.1.tlog
C:\Users\brandon\Documents\Programming\games\Physics Facility\PhysicsFacility\Build\PhysicsFacility\PhysicsFacilityGame\Debug\link.6440-rc.read.1.tlog
C:\Users\brandon\Documents\Programming\games\Physics Facility\PhysicsFacility\Build\PhysicsFacility\PhysicsFacilityGame\Debug\link.6440-rc.write.1.tlog
C:\Users\brandon\Documents\Programming\games\Physics Facility\PhysicsFacility\Build\PhysicsFacility\PhysicsFacilityGame\Debug\link.6440.read.1.tlog
C:\Users\brandon\Documents\Programming\games\Physics Facility\PhysicsFacility\Build\PhysicsFacility\PhysicsFacilityGame\Debug\link.6440.write.1.tlog
C:\Users\brandon\Documents\Programming\games\Physics Facility\PhysicsFacility\Build\PhysicsFacility\PhysicsFacilityGame\Debug\link.7656-cvtres.read.1.tlog
C:\Users\brandon\Documents\Programming\games\Physics Facility\PhysicsFacility\Build\PhysicsFacility\PhysicsFacilityGame\Debug\link.7656-cvtres.write.1.tlog
C:\Users\brandon\Documents\Programming\games\Physics Facility\PhysicsFacility\Build\PhysicsFacility\PhysicsFacilityGame\Debug\link.7656-rc.read.1.tlog
C:\Users\brandon\Documents\Programming\games\Physics Facility\PhysicsFacility\Build\PhysicsFacility\PhysicsFacilityGame\Debug\link.7656-rc.write.1.tlog
C:\Users\brandon\Documents\Programming\games\Physics Facility\PhysicsFacility\Build\PhysicsFacility\PhysicsFacilityGame\Debug\link.7656.read.1.tlog
C:\Users\brandon\Documents\Programming\games\Physics Facility\PhysicsFacility\Build\PhysicsFacility\PhysicsFacilityGame\Debug\link.7656.write.1.tlog
C:\Users\brandon\Documents\Programming\games\Physics Facility\PhysicsFacility\Build\PhysicsFacility\PhysicsFacilityGame\Debug\link.9244-cvtres.read.1.tlog
C:\Users\brandon\Documents\Programming\games\Physics Facility\PhysicsFacility\Build\PhysicsFacility\PhysicsFacilityGame\Debug\link.9244-cvtres.write.1.tlog
C:\Users\brandon\Documents\Programming\games\Physics Facility\PhysicsFacility\Build\PhysicsFacility\PhysicsFacilityGame\Debug\link.9244-rc.read.1.tlog
C:\Users\brandon\Documents\Programming\games\Physics Facility\PhysicsFacility\Build\PhysicsFacility\PhysicsFacilityGame\Debug\link.9244-rc.write.1.tlog
C:\Users\brandon\Documents\Programming\games\Physics Facility\PhysicsFacility\Build\PhysicsFacility\PhysicsFacilityGame\Debug\link.9244.read.1.tlog
C:\Users\brandon\Documents\Programming\games\Physics Facility\PhysicsFacility\Build\PhysicsFacility\PhysicsFacilityGame\Debug\link.9244.write.1.tlog
C:\Users\brandon\Documents\Programming\games\Physics Facility\PhysicsFacility\Build\PhysicsFacility\PhysicsFacilityGame\Debug\link.command.1.tlog
C:\Users\brandon\Documents\Programming\games\Physics Facility\PhysicsFacility\Build\PhysicsFacility\PhysicsFacilityGame\Debug\link.read.1.tlog
C:\Users\brandon\Documents\Programming\games\Physics Facility\PhysicsFacility\Build\PhysicsFacility\PhysicsFacilityGame\Debug\link.write.1.tlog
C:\Users\brandon\Documents\Programming\games\Physics Facility\PhysicsFacility\Build\PhysicsFacility\PhysicsFacilityGame\Debug\rc.command.1.tlog
C:\Users\brandon\Documents\Programming\games\Physics Facility\PhysicsFacility\Build\PhysicsFacility\PhysicsFacilityGame\Debug\rc.read.1.tlog
C:\Users\brandon\Documents\Programming\games\Physics Facility\PhysicsFacility\Build\PhysicsFacility\PhysicsFacilityGame\Debug\rc.write.1.tlog
C:\Users\brandon\Documents\Programming\games\Physics Facility\PhysicsFacility\Build\PhysicsFacility\PhysicsFacilityGame\Debug\PhysicsFacilityGame.res
C:\Users\brandon\Documents\Programming\games\Physics Facility\PhysicsFacility\Build\PhysicsFacility\PhysicsFacilityGame\Debug\PhysicsFacilityGame.pch
C:\Users\brandon\Documents\Programming\games\Physics Facility\PhysicsFacility\Build\PhysicsFacility\PhysicsFacilityGame\Debug\vc110.idb
C:\Users\brandon\Documents\Programming\games\Physics Facility\PhysicsFacility\Build\PhysicsFacility\PhysicsFacilityGame\Debug\vc110.pdb
C:\Users\brandon\Documents\Programming\games\Physics Facility\PhysicsFacility\Build\PhysicsFacility\Debug\PhysicsFacilityGame.pdb
C:\Users\brandon\Documents\Programming\games\Physics Facility\PhysicsFacility\Build\PhysicsFacility\Debug\PhysicsFacilityGame.exe
C:\Users\brandon\Documents\Programming\games\Physics Facility\PhysicsFacility\Build\PhysicsFacility\Debug\PhysicsFacilityGame.ilk
