C:\USERS\BRANDON\DOCUMENTS\PROGRAMMING\GAMES\PHYSICS FACILITY\GAME\PHYSICSFACILITY\PHYSICSFACILITY\DEBUG\PHYSICSFACILITY.PCH
C:\USERS\BRANDON\DOCUMENTS\PROGRAMMING\GAMES\PHYSICS FACILITY\GAME\PHYSICSFACILITY\PHYSICSFACILITY\DEBUG\STDAFX.OBJ
C:\USERS\BRANDON\DOCUMENTS\PROGRAMMING\GAMES\PHYSICS FACILITY\GAME\PHYSICSFACILITY\PHYSICSFACILITY\DEBUG\VC110.PDB
C:\USERS\BRANDON\DOCUMENTS\PROGRAMMING\GAMES\PHYSICS FACILITY\GAME\PHYSICSFACILITY\PHYSICSFACILITY\DEBUG\GLCONTEXT.OBJ
C:\USERS\BRANDON\DOCUMENTS\PROGRAMMING\GAMES\PHYSICS FACILITY\GAME\PHYSICSFACILITY\PHYSICSFACILITY\DEBUG\PHYSICSFACILITY.OBJ
C:\USERS\BRANDON\DOCUMENTS\PROGRAMMING\GAMES\PHYSICS FACILITY\GAME\PHYSICSFACILITY\DEBUG\PHYSICSFACILITY.ILK
C:\USERS\BRANDON\DOCUMENTS\PROGRAMMING\GAMES\PHYSICS FACILITY\GAME\PHYSICSFACILITY\DEBUG\PHYSICSFACILITY.EXE
C:\USERS\BRANDON\DOCUMENTS\PROGRAMMING\GAMES\PHYSICS FACILITY\GAME\PHYSICSFACILITY\DEBUG\PHYSICSFACILITY.PDB
C:\USERS\BRANDON\DOCUMENTS\PROGRAMMING\GAMES\PHYSICS FACILITY\GAME\PHYSICSFACILITY\PHYSICSFACILITY\DEBUG\PHYSICSFACILITY.RES
C:\Users\brandon\Documents\Programming\games\Physics Facility\game\PhysicsFacility\PhysicsFacility\Debug\GLContext.obj
C:\Users\brandon\Documents\Programming\games\Physics Facility\game\PhysicsFacility\PhysicsFacility\Debug\PhysicsFacility.obj
C:\Users\brandon\Documents\Programming\games\Physics Facility\game\PhysicsFacility\PhysicsFacility\Debug\stdafx.obj
C:\Users\brandon\Documents\Programming\games\Physics Facility\game\PhysicsFacility\PhysicsFacility\Debug\cl.command.1.tlog
C:\Users\brandon\Documents\Programming\games\Physics Facility\game\PhysicsFacility\PhysicsFacility\Debug\CL.read.1.tlog
C:\Users\brandon\Documents\Programming\games\Physics Facility\game\PhysicsFacility\PhysicsFacility\Debug\CL.write.1.tlog
C:\Users\brandon\Documents\Programming\games\Physics Facility\game\PhysicsFacility\PhysicsFacility\Debug\link-cvtres.read.1.tlog
C:\Users\brandon\Documents\Programming\games\Physics Facility\game\PhysicsFacility\PhysicsFacility\Debug\link-cvtres.write.1.tlog
C:\Users\brandon\Documents\Programming\games\Physics Facility\game\PhysicsFacility\PhysicsFacility\Debug\link-rc.read.1.tlog
C:\Users\brandon\Documents\Programming\games\Physics Facility\game\PhysicsFacility\PhysicsFacility\Debug\link-rc.write.1.tlog
C:\Users\brandon\Documents\Programming\games\Physics Facility\game\PhysicsFacility\PhysicsFacility\Debug\link.command.1.tlog
C:\Users\brandon\Documents\Programming\games\Physics Facility\game\PhysicsFacility\PhysicsFacility\Debug\link.read.1.tlog
C:\Users\brandon\Documents\Programming\games\Physics Facility\game\PhysicsFacility\PhysicsFacility\Debug\link.write.1.tlog
C:\Users\brandon\Documents\Programming\games\Physics Facility\game\PhysicsFacility\PhysicsFacility\Debug\rc.command.1.tlog
C:\Users\brandon\Documents\Programming\games\Physics Facility\game\PhysicsFacility\PhysicsFacility\Debug\rc.read.1.tlog
C:\Users\brandon\Documents\Programming\games\Physics Facility\game\PhysicsFacility\PhysicsFacility\Debug\rc.write.1.tlog
C:\Users\brandon\Documents\Programming\games\Physics Facility\game\PhysicsFacility\PhysicsFacility\Debug\PhysicsFacility.res
C:\Users\brandon\Documents\Programming\games\Physics Facility\game\PhysicsFacility\PhysicsFacility\Debug\PhysicsFacility.pch
C:\Users\brandon\Documents\Programming\games\Physics Facility\game\PhysicsFacility\PhysicsFacility\Debug\vc110.idb
C:\Users\brandon\Documents\Programming\games\Physics Facility\game\PhysicsFacility\PhysicsFacility\Debug\vc110.pdb
C:\Users\brandon\Documents\Programming\games\Physics Facility\game\PhysicsFacility\Debug\PhysicsFacility.pdb
C:\Users\brandon\Documents\Programming\games\Physics Facility\game\PhysicsFacility\Debug\PhysicsFacility.exe
C:\Users\brandon\Documents\Programming\games\Physics Facility\game\PhysicsFacility\Debug\PhysicsFacility.ilk
